info: Microsoft.AspNetCore.DataProtection.KeyManagement.XmlKeyManager[0]
      User profile is available. Using 'C:\Users\Jorge\AppData\Local\ASP.NET\DataProtection-Keys' as key repository and Windows DPAPI to encrypt keys at rest.
Hosting environment: Development
Content root path: C:\Users\Jorge\Source\Workspaces\DMGProyectos\MAMAS\API_ProyectoPracticas
Application started. Press Ctrl+C to shut down.
info: Microsoft.AspNetCore.Hosting.Internal.WebHost[1]
      Request starting HTTP/2.0 GET https://localhost:44328/index.html  
info: Microsoft.AspNetCore.Hosting.Internal.WebHost[2]
      Request finished in 170.9285ms 200 text/html
info: Microsoft.AspNetCore.Hosting.Internal.WebHost[1]
      Request starting HTTP/2.0 GET https://localhost:44328/swagger/v1/swagger.json  
info: Microsoft.AspNetCore.Hosting.Internal.WebHost[2]
      Request finished in 131.3609ms 200 application/json;charset=utf-8
info: Microsoft.AspNetCore.Hosting.Internal.WebHost[1]
      Request starting HTTP/1.1 GET https://localhost:44328/api/Usuarios/Usuario1/Pass1  
info: Microsoft.AspNetCore.Routing.EndpointMiddleware[0]
      Executing endpoint 'API_ProyectoPracticas.Controllers.UsuariosController.Get (API_ProyectoPracticas)'
info: Microsoft.AspNetCore.Mvc.Internal.ControllerActionInvoker[3]
      Route matched with {action = "Get", controller = "Usuarios"}. Executing controller action with signature Microsoft.AspNetCore.Mvc.IActionResult Get(System.String, System.String) on controller API_ProyectoPracticas.Controllers.UsuariosController (API_ProyectoPracticas).
info: Microsoft.AspNetCore.Mvc.Internal.ControllerActionInvoker[1]
      Executing action method API_ProyectoPracticas.Controllers.UsuariosController.Get (API_ProyectoPracticas) - Validation state: Valid
info: Microsoft.AspNetCore.Mvc.Internal.ControllerActionInvoker[2]
      Executed action method API_ProyectoPracticas.Controllers.UsuariosController.Get (API_ProyectoPracticas), returned result Microsoft.AspNetCore.Mvc.OkObjectResult in 1222.7345ms.
info: Microsoft.AspNetCore.Mvc.Infrastructure.ObjectResultExecutor[1]
      Executing ObjectResult, writing value of type 'Castle.Proxies.UsuariosProxy'.
info: Microsoft.AspNetCore.Mvc.Internal.ControllerActionInvoker[2]
      Executed action API_ProyectoPracticas.Controllers.UsuariosController.Get (API_ProyectoPracticas) in 1787.1355ms
info: Microsoft.AspNetCore.Routing.EndpointMiddleware[1]
      Executed endpoint 'API_ProyectoPracticas.Controllers.UsuariosController.Get (API_ProyectoPracticas)'
info: Microsoft.AspNetCore.Hosting.Internal.WebHost[2]
      Request finished in 1876.9064ms 200 application/json; charset=utf-8
info: Microsoft.AspNetCore.Hosting.Internal.WebHost[1]
      Request starting HTTP/1.1 GET https://localhost:44328/api/Asinaturas/Literatura  
info: Microsoft.AspNetCore.Hosting.Internal.WebHost[2]
      Request finished in 5.8603ms 404 
info: Microsoft.AspNetCore.Hosting.Internal.WebHost[1]
      Request starting HTTP/1.1 GET https://localhost:44328/api/Asinaturas/Literatura  
info: Microsoft.AspNetCore.Hosting.Internal.WebHost[2]
      Request finished in 2.5918ms 404 
info: Microsoft.AspNetCore.Hosting.Internal.WebHost[1]
      Request starting HTTP/1.1 GET https://localhost:44328/api/Asignaturas/Literatura  
info: Microsoft.AspNetCore.Routing.EndpointMiddleware[0]
      Executing endpoint 'API_ProyectoPracticas.Controllers.AsignaturasController.Get (API_ProyectoPracticas)'
info: Microsoft.AspNetCore.Mvc.Internal.ControllerActionInvoker[3]
      Route matched with {action = "Get", controller = "Asignaturas"}. Executing controller action with signature Microsoft.AspNetCore.Mvc.IActionResult Get(System.String) on controller API_ProyectoPracticas.Controllers.AsignaturasController (API_ProyectoPracticas).
info: Microsoft.AspNetCore.Mvc.Internal.ControllerActionInvoker[1]
      Executing action method API_ProyectoPracticas.Controllers.AsignaturasController.Get (API_ProyectoPracticas) - Validation state: Valid
info: Microsoft.AspNetCore.Mvc.Internal.ControllerActionInvoker[2]
      Executed action method API_ProyectoPracticas.Controllers.AsignaturasController.Get (API_ProyectoPracticas), returned result Microsoft.AspNetCore.Mvc.OkObjectResult in 69.7915ms.
info: Microsoft.AspNetCore.Mvc.Infrastructure.ObjectResultExecutor[1]
      Executing ObjectResult, writing value of type 'Castle.Proxies.AsignaturasProxy'.
info: Microsoft.AspNetCore.Mvc.Internal.ControllerActionInvoker[2]
      Executed action API_ProyectoPracticas.Controllers.AsignaturasController.Get (API_ProyectoPracticas) in 144.608ms
info: Microsoft.AspNetCore.Routing.EndpointMiddleware[1]
      Executed endpoint 'API_ProyectoPracticas.Controllers.AsignaturasController.Get (API_ProyectoPracticas)'
info: Microsoft.AspNetCore.Hosting.Internal.WebHost[2]
      Request finished in 159.3635ms 200 application/json; charset=utf-8
info: Microsoft.AspNetCore.Hosting.Internal.WebHost[1]
      Request starting HTTP/1.1 GET https://localhost:44328/api/Usuarios/Usuario1/Pass2  
info: Microsoft.AspNetCore.Routing.EndpointMiddleware[0]
      Executing endpoint 'API_ProyectoPracticas.Controllers.UsuariosController.Get (API_ProyectoPracticas)'
info: Microsoft.AspNetCore.Mvc.Internal.ControllerActionInvoker[3]
      Route matched with {action = "Get", controller = "Usuarios"}. Executing controller action with signature Microsoft.AspNetCore.Mvc.IActionResult Get(System.String, System.String) on controller API_ProyectoPracticas.Controllers.UsuariosController (API_ProyectoPracticas).
info: Microsoft.AspNetCore.Mvc.Internal.ControllerActionInvoker[1]
      Executing action method API_ProyectoPracticas.Controllers.UsuariosController.Get (API_ProyectoPracticas) - Validation state: Valid
info: Microsoft.AspNetCore.Mvc.Internal.ControllerActionInvoker[2]
      Executed action method API_ProyectoPracticas.Controllers.UsuariosController.Get (API_ProyectoPracticas), returned result Microsoft.AspNetCore.Mvc.ObjectResult in 25.0402ms.
info: Microsoft.AspNetCore.Mvc.Infrastructure.ObjectResultExecutor[1]
      Executing ObjectResult, writing value of type 'Microsoft.AspNetCore.Mvc.ProblemDetails'.
info: Microsoft.AspNetCore.Mvc.Internal.ControllerActionInvoker[2]
      Executed action API_ProyectoPracticas.Controllers.UsuariosController.Get (API_ProyectoPracticas) in 53.8161ms
info: Microsoft.AspNetCore.Routing.EndpointMiddleware[1]
      Executed endpoint 'API_ProyectoPracticas.Controllers.UsuariosController.Get (API_ProyectoPracticas)'
info: Microsoft.AspNetCore.Hosting.Internal.WebHost[2]
      Request finished in 65.7171ms 404 application/json; charset=utf-8
info: Microsoft.AspNetCore.Hosting.Internal.WebHost[1]
      Request starting HTTP/1.1 GET https://localhost:44328/api/Usuarios/Usuario1/Pass1  
info: Microsoft.AspNetCore.Routing.EndpointMiddleware[0]
      Executing endpoint 'API_ProyectoPracticas.Controllers.UsuariosController.Get (API_ProyectoPracticas)'
info: Microsoft.AspNetCore.Mvc.Internal.ControllerActionInvoker[3]
      Route matched with {action = "Get", controller = "Usuarios"}. Executing controller action with signature Microsoft.AspNetCore.Mvc.IActionResult Get(System.String, System.String) on controller API_ProyectoPracticas.Controllers.UsuariosController (API_ProyectoPracticas).
info: Microsoft.AspNetCore.Mvc.Internal.ControllerActionInvoker[1]
      Executing action method API_ProyectoPracticas.Controllers.UsuariosController.Get (API_ProyectoPracticas) - Validation state: Valid
info: Microsoft.AspNetCore.Mvc.Internal.ControllerActionInvoker[2]
      Executed action method API_ProyectoPracticas.Controllers.UsuariosController.Get (API_ProyectoPracticas), returned result Microsoft.AspNetCore.Mvc.OkObjectResult in 22.963ms.
info: Microsoft.AspNetCore.Mvc.Infrastructure.ObjectResultExecutor[1]
      Executing ObjectResult, writing value of type 'Castle.Proxies.UsuariosProxy'.
info: Microsoft.AspNetCore.Mvc.Internal.ControllerActionInvoker[2]
      Executed action API_ProyectoPracticas.Controllers.UsuariosController.Get (API_ProyectoPracticas) in 324.0266ms
info: Microsoft.AspNetCore.Routing.EndpointMiddleware[1]
      Executed endpoint 'API_ProyectoPracticas.Controllers.UsuariosController.Get (API_ProyectoPracticas)'
info: Microsoft.AspNetCore.Hosting.Internal.WebHost[2]
      Request finished in 336.552ms 200 application/json; charset=utf-8
