info: Microsoft.AspNetCore.DataProtection.KeyManagement.XmlKeyManager[0]
      User profile is available. Using 'C:\Users\Jorge\AppData\Local\ASP.NET\DataProtection-Keys' as key repository and Windows DPAPI to encrypt keys at rest.
Hosting environment: Development
Content root path: C:\Users\Jorge\Source\Workspaces\DMGProyectos\MAMAS\API_ProyectoPracticas
Application started. Press Ctrl+C to shut down.
info: Microsoft.AspNetCore.Hosting.Internal.WebHost[1]
      Request starting HTTP/2.0 GET https://localhost:44328/  
info: Microsoft.AspNetCore.Hosting.Internal.WebHost[2]
      Request finished in 125.1876ms 301 
info: Microsoft.AspNetCore.Hosting.Internal.WebHost[1]
      Request starting HTTP/2.0 GET https://localhost:44328/index.html  
info: Microsoft.AspNetCore.Hosting.Internal.WebHost[2]
      Request finished in 160.7854ms 200 text/html
info: Microsoft.AspNetCore.Hosting.Internal.WebHost[1]
      Request starting HTTP/2.0 GET https://localhost:44328/swagger-ui-bundle.js  
info: Microsoft.AspNetCore.Hosting.Internal.WebHost[1]
      Request starting HTTP/2.0 GET https://localhost:44328/swagger-ui.css  
info: Microsoft.AspNetCore.Hosting.Internal.WebHost[1]
      Request starting HTTP/2.0 GET https://localhost:44328/swagger-ui-standalone-preset.js  
info: Microsoft.AspNetCore.StaticFiles.StaticFileMiddleware[2]
      Sending file. Request path: '/swagger-ui-standalone-preset.js'. Physical path: 'N/A'
info: Microsoft.AspNetCore.StaticFiles.StaticFileMiddleware[2]
      Sending file. Request path: '/swagger-ui-bundle.js'. Physical path: 'N/A'
info: Microsoft.AspNetCore.StaticFiles.StaticFileMiddleware[2]
      Sending file. Request path: '/swagger-ui.css'. Physical path: 'N/A'
info: Microsoft.AspNetCore.Hosting.Internal.WebHost[2]
      Request finished in 110.9414ms 200 application/javascript
info: Microsoft.AspNetCore.Hosting.Internal.WebHost[2]
      Request finished in 72.8022ms 200 application/javascript
info: Microsoft.AspNetCore.Hosting.Internal.WebHost[2]
      Request finished in 87.9161ms 200 text/css
info: Microsoft.AspNetCore.Hosting.Internal.WebHost[1]
      Request starting HTTP/2.0 GET https://localhost:44328/swagger/v1/swagger.json  
info: Microsoft.AspNetCore.Hosting.Internal.WebHost[1]
      Request starting HTTP/2.0 GET https://localhost:44328/favicon-32x32.png  
info: Microsoft.AspNetCore.StaticFiles.StaticFileMiddleware[2]
      Sending file. Request path: '/favicon-32x32.png'. Physical path: 'N/A'
info: Microsoft.AspNetCore.Hosting.Internal.WebHost[2]
      Request finished in 8.5444ms 200 image/png
info: Microsoft.AspNetCore.Hosting.Internal.WebHost[2]
      Request finished in 219.4873ms 200 application/json;charset=utf-8
