info: Microsoft.AspNetCore.DataProtection.KeyManagement.XmlKeyManager[0]
      User profile is available. Using 'C:\Users\Jorge\AppData\Local\ASP.NET\DataProtection-Keys' as key repository and Windows DPAPI to encrypt keys at rest.
Hosting environment: Development
Content root path: C:\Users\Jorge\Source\Workspaces\DMGProyectos\MAMAS\API_ProyectoPracticas
Application started. Press Ctrl+C to shut down.
info: Microsoft.AspNetCore.Hosting.Internal.WebHost[1]
      Request starting HTTP/2.0 GET https://localhost:44328/index.html  
info: Microsoft.AspNetCore.Hosting.Internal.WebHost[2]
      Request finished in 176.3979ms 200 text/html
info: Microsoft.AspNetCore.Hosting.Internal.WebHost[1]
      Request starting HTTP/2.0 GET https://localhost:44328/swagger/v1/swagger.json  
info: Microsoft.AspNetCore.Hosting.Internal.WebHost[2]
      Request finished in 129.1475ms 200 application/json;charset=utf-8
info: Microsoft.AspNetCore.Hosting.Internal.WebHost[1]
      Request starting HTTP/1.1 GET https://localhost:44328/api/Alumnos/5/aux  
info: Microsoft.AspNetCore.Routing.EndpointMiddleware[0]
      Executing endpoint 'API_ProyectoPracticas.Controllers.AlumnosController.Get (API_ProyectoPracticas)'
info: Microsoft.AspNetCore.Mvc.Internal.ControllerActionInvoker[3]
      Route matched with {action = "Get", controller = "Alumnos"}. Executing controller action with signature Microsoft.AspNetCore.Mvc.IActionResult Get(Int32, System.String) on controller API_ProyectoPracticas.Controllers.AlumnosController (API_ProyectoPracticas).
info: Microsoft.AspNetCore.Mvc.Internal.ControllerActionInvoker[1]
      Executing action method API_ProyectoPracticas.Controllers.AlumnosController.Get (API_ProyectoPracticas) - Validation state: Valid
