info: Microsoft.AspNetCore.DataProtection.KeyManagement.XmlKeyManager[0]
      User profile is available. Using 'C:\Users\Jorge\AppData\Local\ASP.NET\DataProtection-Keys' as key repository and Windows DPAPI to encrypt keys at rest.
Hosting environment: Development
Content root path: C:\Users\Jorge\Source\Workspaces\DMGProyectos\MAMAS\API_ProyectoPracticas
Application started. Press Ctrl+C to shut down.
info: Microsoft.AspNetCore.Hosting.Internal.WebHost[1]
      Request starting HTTP/2.0 GET https://localhost:44328/index.html  
info: Microsoft.AspNetCore.Hosting.Internal.WebHost[2]
      Request finished in 180.2311ms 200 text/html
info: Microsoft.AspNetCore.Hosting.Internal.WebHost[1]
      Request starting HTTP/2.0 GET https://localhost:44328/swagger/v1/swagger.json  
info: Microsoft.AspNetCore.Hosting.Internal.WebHost[2]
      Request finished in 125.0538ms 200 application/json;charset=utf-8
info: Microsoft.AspNetCore.Hosting.Internal.WebHost[1]
      Request starting HTTP/1.1 POST https://localhost:44328/api/Asignaturas/Literatura  0
info: Microsoft.AspNetCore.Routing.EndpointMiddleware[0]
      Executing endpoint 'API_ProyectoPracticas.Controllers.AsignaturasController.Post (API_ProyectoPracticas)'
info: Microsoft.AspNetCore.Mvc.Internal.ControllerActionInvoker[3]
      Route matched with {action = "Post", controller = "Asignaturas"}. Executing controller action with signature Microsoft.AspNetCore.Mvc.IActionResult Post(System.String) on controller API_ProyectoPracticas.Controllers.AsignaturasController (API_ProyectoPracticas).
info: Microsoft.AspNetCore.Mvc.Internal.ControllerActionInvoker[1]
      Executing action method API_ProyectoPracticas.Controllers.AsignaturasController.Post (API_ProyectoPracticas) - Validation state: Valid
info: Microsoft.AspNetCore.Mvc.Internal.ControllerActionInvoker[2]
      Executed action method API_ProyectoPracticas.Controllers.AsignaturasController.Post (API_ProyectoPracticas), returned result Microsoft.AspNetCore.Mvc.ObjectResult in 703.0323ms.
info: Microsoft.AspNetCore.Mvc.Infrastructure.ObjectResultExecutor[1]
      Executing ObjectResult, writing value of type 'Microsoft.AspNetCore.Mvc.ProblemDetails'.
info: Microsoft.AspNetCore.Mvc.Internal.ControllerActionInvoker[2]
      Executed action API_ProyectoPracticas.Controllers.AsignaturasController.Post (API_ProyectoPracticas) in 849.747ms
info: Microsoft.AspNetCore.Routing.EndpointMiddleware[1]
      Executed endpoint 'API_ProyectoPracticas.Controllers.AsignaturasController.Post (API_ProyectoPracticas)'
info: Microsoft.AspNetCore.Hosting.Internal.WebHost[2]
      Request finished in 940.4848ms 400 application/json; charset=utf-8
info: Microsoft.AspNetCore.Hosting.Internal.WebHost[1]
      Request starting HTTP/1.1 POST https://localhost:44328/api/Asignaturas/Literatura  0
info: Microsoft.AspNetCore.Routing.EndpointMiddleware[0]
      Executing endpoint 'API_ProyectoPracticas.Controllers.AsignaturasController.Post (API_ProyectoPracticas)'
info: Microsoft.AspNetCore.Mvc.Internal.ControllerActionInvoker[3]
      Route matched with {action = "Post", controller = "Asignaturas"}. Executing controller action with signature Microsoft.AspNetCore.Mvc.IActionResult Post(System.String) on controller API_ProyectoPracticas.Controllers.AsignaturasController (API_ProyectoPracticas).
info: Microsoft.AspNetCore.Mvc.Internal.ControllerActionInvoker[1]
      Executing action method API_ProyectoPracticas.Controllers.AsignaturasController.Post (API_ProyectoPracticas) - Validation state: Valid
info: Microsoft.AspNetCore.Mvc.Internal.ControllerActionInvoker[2]
      Executed action method API_ProyectoPracticas.Controllers.AsignaturasController.Post (API_ProyectoPracticas), returned result Microsoft.AspNetCore.Mvc.ObjectResult in 61.339ms.
info: Microsoft.AspNetCore.Mvc.Infrastructure.ObjectResultExecutor[1]
      Executing ObjectResult, writing value of type 'Microsoft.AspNetCore.Mvc.ProblemDetails'.
info: Microsoft.AspNetCore.Mvc.Internal.ControllerActionInvoker[2]
      Executed action API_ProyectoPracticas.Controllers.AsignaturasController.Post (API_ProyectoPracticas) in 88.2577ms
info: Microsoft.AspNetCore.Routing.EndpointMiddleware[1]
      Executed endpoint 'API_ProyectoPracticas.Controllers.AsignaturasController.Post (API_ProyectoPracticas)'
info: Microsoft.AspNetCore.Hosting.Internal.WebHost[2]
      Request finished in 109.7914ms 400 application/json; charset=utf-8
info: Microsoft.AspNetCore.Hosting.Internal.WebHost[1]
      Request starting HTTP/1.1 POST https://localhost:44328/api/Asignaturas/Quimica  0
info: Microsoft.AspNetCore.Routing.EndpointMiddleware[0]
      Executing endpoint 'API_ProyectoPracticas.Controllers.AsignaturasController.Post (API_ProyectoPracticas)'
info: Microsoft.AspNetCore.Mvc.Internal.ControllerActionInvoker[3]
      Route matched with {action = "Post", controller = "Asignaturas"}. Executing controller action with signature Microsoft.AspNetCore.Mvc.IActionResult Post(System.String) on controller API_ProyectoPracticas.Controllers.AsignaturasController (API_ProyectoPracticas).
info: Microsoft.AspNetCore.Mvc.Internal.ControllerActionInvoker[1]
      Executing action method API_ProyectoPracticas.Controllers.AsignaturasController.Post (API_ProyectoPracticas) - Validation state: Valid
info: Microsoft.AspNetCore.Mvc.Internal.ControllerActionInvoker[2]
      Executed action method API_ProyectoPracticas.Controllers.AsignaturasController.Post (API_ProyectoPracticas), returned result Microsoft.AspNetCore.Mvc.CreatedAtRouteResult in 153.937ms.
info: Microsoft.AspNetCore.Mvc.Infrastructure.ObjectResultExecutor[1]
      Executing ObjectResult, writing value of type 'API_ProyectoPracticas.Models.Asignaturas'.
info: Microsoft.AspNetCore.Mvc.Internal.ControllerActionInvoker[2]
      Executed action API_ProyectoPracticas.Controllers.AsignaturasController.Post (API_ProyectoPracticas) in 218.7311ms
info: Microsoft.AspNetCore.Routing.EndpointMiddleware[1]
      Executed endpoint 'API_ProyectoPracticas.Controllers.AsignaturasController.Post (API_ProyectoPracticas)'
info: Microsoft.AspNetCore.Hosting.Internal.WebHost[2]
      Request finished in 246.5383ms 201 application/json; charset=utf-8
info: Microsoft.AspNetCore.Hosting.Internal.WebHost[1]
      Request starting HTTP/1.1 POST https://localhost:44328/api/Asignaturas/Quimica  0
info: Microsoft.AspNetCore.Routing.EndpointMiddleware[0]
      Executing endpoint 'API_ProyectoPracticas.Controllers.AsignaturasController.Post (API_ProyectoPracticas)'
info: Microsoft.AspNetCore.Mvc.Internal.ControllerActionInvoker[3]
      Route matched with {action = "Post", controller = "Asignaturas"}. Executing controller action with signature Microsoft.AspNetCore.Mvc.IActionResult Post(System.String) on controller API_ProyectoPracticas.Controllers.AsignaturasController (API_ProyectoPracticas).
info: Microsoft.AspNetCore.Mvc.Internal.ControllerActionInvoker[1]
      Executing action method API_ProyectoPracticas.Controllers.AsignaturasController.Post (API_ProyectoPracticas) - Validation state: Valid
info: Microsoft.AspNetCore.Mvc.Internal.ControllerActionInvoker[2]
      Executed action method API_ProyectoPracticas.Controllers.AsignaturasController.Post (API_ProyectoPracticas), returned result Microsoft.AspNetCore.Mvc.ObjectResult in 30.1442ms.
info: Microsoft.AspNetCore.Mvc.Infrastructure.ObjectResultExecutor[1]
      Executing ObjectResult, writing value of type 'Microsoft.AspNetCore.Mvc.ProblemDetails'.
info: Microsoft.AspNetCore.Mvc.Internal.ControllerActionInvoker[2]
      Executed action API_ProyectoPracticas.Controllers.AsignaturasController.Post (API_ProyectoPracticas) in 60.9063ms
info: Microsoft.AspNetCore.Routing.EndpointMiddleware[1]
      Executed endpoint 'API_ProyectoPracticas.Controllers.AsignaturasController.Post (API_ProyectoPracticas)'
info: Microsoft.AspNetCore.Hosting.Internal.WebHost[2]
      Request finished in 89.7435ms 400 application/json; charset=utf-8
info: Microsoft.AspNetCore.Hosting.Internal.WebHost[1]
      Request starting HTTP/1.1 POST https://localhost:44328/api/Asignaturas/Quimica  0
info: Microsoft.AspNetCore.Routing.EndpointMiddleware[0]
      Executing endpoint 'API_ProyectoPracticas.Controllers.AsignaturasController.Post (API_ProyectoPracticas)'
info: Microsoft.AspNetCore.Mvc.Internal.ControllerActionInvoker[3]
      Route matched with {action = "Post", controller = "Asignaturas"}. Executing controller action with signature Microsoft.AspNetCore.Mvc.IActionResult Post(System.String) on controller API_ProyectoPracticas.Controllers.AsignaturasController (API_ProyectoPracticas).
info: Microsoft.AspNetCore.Mvc.Internal.ControllerActionInvoker[1]
      Executing action method API_ProyectoPracticas.Controllers.AsignaturasController.Post (API_ProyectoPracticas) - Validation state: Valid
info: Microsoft.AspNetCore.Mvc.Internal.ControllerActionInvoker[2]
      Executed action method API_ProyectoPracticas.Controllers.AsignaturasController.Post (API_ProyectoPracticas), returned result Microsoft.AspNetCore.Mvc.ObjectResult in 26.4902ms.
info: Microsoft.AspNetCore.Mvc.Infrastructure.ObjectResultExecutor[1]
      Executing ObjectResult, writing value of type 'Microsoft.AspNetCore.Mvc.ProblemDetails'.
info: Microsoft.AspNetCore.Mvc.Internal.ControllerActionInvoker[2]
      Executed action API_ProyectoPracticas.Controllers.AsignaturasController.Post (API_ProyectoPracticas) in 58.7985ms
info: Microsoft.AspNetCore.Routing.EndpointMiddleware[1]
      Executed endpoint 'API_ProyectoPracticas.Controllers.AsignaturasController.Post (API_ProyectoPracticas)'
info: Microsoft.AspNetCore.Hosting.Internal.WebHost[2]
      Request finished in 84.8152ms 400 application/json; charset=utf-8
info: Microsoft.AspNetCore.Hosting.Internal.WebHost[1]
      Request starting HTTP/1.1 POST https://localhost:44328/api/Asignaturas/Fisica  0
info: Microsoft.AspNetCore.Routing.EndpointMiddleware[0]
      Executing endpoint 'API_ProyectoPracticas.Controllers.AsignaturasController.Post (API_ProyectoPracticas)'
info: Microsoft.AspNetCore.Mvc.Internal.ControllerActionInvoker[3]
      Route matched with {action = "Post", controller = "Asignaturas"}. Executing controller action with signature Microsoft.AspNetCore.Mvc.IActionResult Post(System.String) on controller API_ProyectoPracticas.Controllers.AsignaturasController (API_ProyectoPracticas).
info: Microsoft.AspNetCore.Mvc.Internal.ControllerActionInvoker[1]
      Executing action method API_ProyectoPracticas.Controllers.AsignaturasController.Post (API_ProyectoPracticas) - Validation state: Valid
info: Microsoft.AspNetCore.Mvc.Internal.ControllerActionInvoker[2]
      Executed action method API_ProyectoPracticas.Controllers.AsignaturasController.Post (API_ProyectoPracticas), returned result Microsoft.AspNetCore.Mvc.CreatedAtRouteResult in 88.0242ms.
info: Microsoft.AspNetCore.Mvc.Infrastructure.ObjectResultExecutor[1]
      Executing ObjectResult, writing value of type 'API_ProyectoPracticas.Models.Asignaturas'.
info: Microsoft.AspNetCore.Mvc.Internal.ControllerActionInvoker[2]
      Executed action API_ProyectoPracticas.Controllers.AsignaturasController.Post (API_ProyectoPracticas) in 116.5896ms
info: Microsoft.AspNetCore.Routing.EndpointMiddleware[1]
      Executed endpoint 'API_ProyectoPracticas.Controllers.AsignaturasController.Post (API_ProyectoPracticas)'
info: Microsoft.AspNetCore.Hosting.Internal.WebHost[2]
      Request finished in 148.9249ms 201 application/json; charset=utf-8
