info: Microsoft.AspNetCore.DataProtection.KeyManagement.XmlKeyManager[0]
      User profile is available. Using 'C:\Users\Jorge\AppData\Local\ASP.NET\DataProtection-Keys' as key repository and Windows DPAPI to encrypt keys at rest.
Hosting environment: Development
Content root path: C:\Users\Jorge\Source\Workspaces\DMGProyectos\MAMAS\API_ProyectoPracticas
Application started. Press Ctrl+C to shut down.
info: Microsoft.AspNetCore.Hosting.Internal.WebHost[1]
      Request starting HTTP/2.0 GET https://localhost:44328/index.html  
info: Microsoft.AspNetCore.Hosting.Internal.WebHost[2]
      Request finished in 206.1424ms 200 text/html
info: Microsoft.AspNetCore.Hosting.Internal.WebHost[1]
      Request starting HTTP/2.0 GET https://localhost:44328/swagger/v1/swagger.json  
info: Microsoft.AspNetCore.Hosting.Internal.WebHost[2]
      Request finished in 151.5038ms 200 application/json;charset=utf-8
info: Microsoft.AspNetCore.Hosting.Internal.WebHost[1]
      Request starting HTTP/1.1 GET https://localhost:44328/api/Asignaturas/MATEMATICAS  
info: Microsoft.AspNetCore.Routing.EndpointMiddleware[0]
      Executing endpoint 'API_ProyectoPracticas.Controllers.AsignaturasController.Get (API_ProyectoPracticas)'
info: Microsoft.AspNetCore.Mvc.Internal.ControllerActionInvoker[3]
      Route matched with {action = "Get", controller = "Asignaturas"}. Executing controller action with signature Microsoft.AspNetCore.Mvc.IActionResult Get(System.String) on controller API_ProyectoPracticas.Controllers.AsignaturasController (API_ProyectoPracticas).
info: Microsoft.AspNetCore.Mvc.Internal.ControllerActionInvoker[1]
      Executing action method API_ProyectoPracticas.Controllers.AsignaturasController.Get (API_ProyectoPracticas) - Validation state: Valid
info: Microsoft.AspNetCore.Mvc.Internal.ControllerActionInvoker[2]
      Executed action method API_ProyectoPracticas.Controllers.AsignaturasController.Get (API_ProyectoPracticas), returned result Microsoft.AspNetCore.Mvc.OkObjectResult in 832.0037ms.
info: Microsoft.AspNetCore.Mvc.Infrastructure.ObjectResultExecutor[1]
      Executing ObjectResult, writing value of type 'API_ProyectoPracticas.Models.Asignaturas'.
info: Microsoft.AspNetCore.Mvc.Internal.ControllerActionInvoker[2]
      Executed action API_ProyectoPracticas.Controllers.AsignaturasController.Get (API_ProyectoPracticas) in 967.4419ms
info: Microsoft.AspNetCore.Routing.EndpointMiddleware[1]
      Executed endpoint 'API_ProyectoPracticas.Controllers.AsignaturasController.Get (API_ProyectoPracticas)'
info: Microsoft.AspNetCore.Hosting.Internal.WebHost[2]
      Request finished in 1084.7973ms 200 application/json; charset=utf-8
info: Microsoft.AspNetCore.Hosting.Internal.WebHost[1]
      Request starting HTTP/1.1 GET https://localhost:44328/api/Asignaturas/MATEMATICAS  
info: Microsoft.AspNetCore.Routing.EndpointMiddleware[0]
      Executing endpoint 'API_ProyectoPracticas.Controllers.AsignaturasController.Get (API_ProyectoPracticas)'
info: Microsoft.AspNetCore.Mvc.Internal.ControllerActionInvoker[3]
      Route matched with {action = "Get", controller = "Asignaturas"}. Executing controller action with signature Microsoft.AspNetCore.Mvc.IActionResult Get(System.String) on controller API_ProyectoPracticas.Controllers.AsignaturasController (API_ProyectoPracticas).
info: Microsoft.AspNetCore.Mvc.Internal.ControllerActionInvoker[1]
      Executing action method API_ProyectoPracticas.Controllers.AsignaturasController.Get (API_ProyectoPracticas) - Validation state: Valid
info: Microsoft.AspNetCore.Mvc.Internal.ControllerActionInvoker[2]
      Executed action method API_ProyectoPracticas.Controllers.AsignaturasController.Get (API_ProyectoPracticas), returned result Microsoft.AspNetCore.Mvc.OkObjectResult in 71.3802ms.
info: Microsoft.AspNetCore.Mvc.Infrastructure.ObjectResultExecutor[1]
      Executing ObjectResult, writing value of type 'API_ProyectoPracticas.Models.Asignaturas'.
info: Microsoft.AspNetCore.Mvc.Internal.ControllerActionInvoker[2]
      Executed action API_ProyectoPracticas.Controllers.AsignaturasController.Get (API_ProyectoPracticas) in 94.1372ms
info: Microsoft.AspNetCore.Routing.EndpointMiddleware[1]
      Executed endpoint 'API_ProyectoPracticas.Controllers.AsignaturasController.Get (API_ProyectoPracticas)'
info: Microsoft.AspNetCore.Hosting.Internal.WebHost[2]
      Request finished in 120.0752ms 200 application/json; charset=utf-8
info: Microsoft.AspNetCore.Hosting.Internal.WebHost[1]
      Request starting HTTP/1.1 GET https://localhost:44328/api/Asignaturas/MATEMATICAS  
info: Microsoft.AspNetCore.Routing.EndpointMiddleware[0]
      Executing endpoint 'API_ProyectoPracticas.Controllers.AsignaturasController.Get (API_ProyectoPracticas)'
info: Microsoft.AspNetCore.Mvc.Internal.ControllerActionInvoker[3]
      Route matched with {action = "Get", controller = "Asignaturas"}. Executing controller action with signature Microsoft.AspNetCore.Mvc.IActionResult Get(System.String) on controller API_ProyectoPracticas.Controllers.AsignaturasController (API_ProyectoPracticas).
info: Microsoft.AspNetCore.Mvc.Internal.ControllerActionInvoker[1]
      Executing action method API_ProyectoPracticas.Controllers.AsignaturasController.Get (API_ProyectoPracticas) - Validation state: Valid
info: Microsoft.AspNetCore.Mvc.Internal.ControllerActionInvoker[2]
      Executed action method API_ProyectoPracticas.Controllers.AsignaturasController.Get (API_ProyectoPracticas), returned result Microsoft.AspNetCore.Mvc.OkObjectResult in 26.4789ms.
info: Microsoft.AspNetCore.Mvc.Infrastructure.ObjectResultExecutor[1]
      Executing ObjectResult, writing value of type 'API_ProyectoPracticas.Models.Asignaturas'.
info: Microsoft.AspNetCore.Mvc.Internal.ControllerActionInvoker[2]
      Executed action API_ProyectoPracticas.Controllers.AsignaturasController.Get (API_ProyectoPracticas) in 63.5076ms
info: Microsoft.AspNetCore.Routing.EndpointMiddleware[1]
      Executed endpoint 'API_ProyectoPracticas.Controllers.AsignaturasController.Get (API_ProyectoPracticas)'
info: Microsoft.AspNetCore.Hosting.Internal.WebHost[2]
      Request finished in 93.3761ms 200 application/json; charset=utf-8
info: Microsoft.AspNetCore.Hosting.Internal.WebHost[1]
      Request starting HTTP/1.1 GET https://localhost:44328/api/Asignaturas/MATEMATICAS  
info: Microsoft.AspNetCore.Routing.EndpointMiddleware[0]
      Executing endpoint 'API_ProyectoPracticas.Controllers.AsignaturasController.Get (API_ProyectoPracticas)'
info: Microsoft.AspNetCore.Mvc.Internal.ControllerActionInvoker[3]
      Route matched with {action = "Get", controller = "Asignaturas"}. Executing controller action with signature Microsoft.AspNetCore.Mvc.IActionResult Get(System.String) on controller API_ProyectoPracticas.Controllers.AsignaturasController (API_ProyectoPracticas).
info: Microsoft.AspNetCore.Mvc.Internal.ControllerActionInvoker[1]
      Executing action method API_ProyectoPracticas.Controllers.AsignaturasController.Get (API_ProyectoPracticas) - Validation state: Valid
info: Microsoft.AspNetCore.Mvc.Internal.ControllerActionInvoker[2]
      Executed action method API_ProyectoPracticas.Controllers.AsignaturasController.Get (API_ProyectoPracticas), returned result Microsoft.AspNetCore.Mvc.OkObjectResult in 24.0138ms.
info: Microsoft.AspNetCore.Mvc.Infrastructure.ObjectResultExecutor[1]
      Executing ObjectResult, writing value of type 'API_ProyectoPracticas.Models.Asignaturas'.
info: Microsoft.AspNetCore.Mvc.Internal.ControllerActionInvoker[2]
      Executed action API_ProyectoPracticas.Controllers.AsignaturasController.Get (API_ProyectoPracticas) in 44.8168ms
info: Microsoft.AspNetCore.Routing.EndpointMiddleware[1]
      Executed endpoint 'API_ProyectoPracticas.Controllers.AsignaturasController.Get (API_ProyectoPracticas)'
info: Microsoft.AspNetCore.Hosting.Internal.WebHost[2]
      Request finished in 55.6692ms 200 application/json; charset=utf-8
info: Microsoft.AspNetCore.Hosting.Internal.WebHost[1]
      Request starting HTTP/1.1 GET https://localhost:44328/api/Asignaturas/MATEMATICAS  
info: Microsoft.AspNetCore.Routing.EndpointMiddleware[0]
      Executing endpoint 'API_ProyectoPracticas.Controllers.AsignaturasController.Get (API_ProyectoPracticas)'
info: Microsoft.AspNetCore.Mvc.Internal.ControllerActionInvoker[3]
      Route matched with {action = "Get", controller = "Asignaturas"}. Executing controller action with signature Microsoft.AspNetCore.Mvc.IActionResult Get(System.String) on controller API_ProyectoPracticas.Controllers.AsignaturasController (API_ProyectoPracticas).
info: Microsoft.AspNetCore.Mvc.Internal.ControllerActionInvoker[1]
      Executing action method API_ProyectoPracticas.Controllers.AsignaturasController.Get (API_ProyectoPracticas) - Validation state: Valid
info: Microsoft.AspNetCore.Mvc.Internal.ControllerActionInvoker[2]
      Executed action method API_ProyectoPracticas.Controllers.AsignaturasController.Get (API_ProyectoPracticas), returned result Microsoft.AspNetCore.Mvc.OkObjectResult in 25.6195ms.
info: Microsoft.AspNetCore.Mvc.Infrastructure.ObjectResultExecutor[1]
      Executing ObjectResult, writing value of type 'API_ProyectoPracticas.Models.Asignaturas'.
info: Microsoft.AspNetCore.Mvc.Internal.ControllerActionInvoker[2]
      Executed action API_ProyectoPracticas.Controllers.AsignaturasController.Get (API_ProyectoPracticas) in 52.8823ms
info: Microsoft.AspNetCore.Routing.EndpointMiddleware[1]
      Executed endpoint 'API_ProyectoPracticas.Controllers.AsignaturasController.Get (API_ProyectoPracticas)'
info: Microsoft.AspNetCore.Hosting.Internal.WebHost[2]
      Request finished in 96.8393ms 200 application/json; charset=utf-8
info: Microsoft.AspNetCore.Hosting.Internal.WebHost[1]
      Request starting HTTP/1.1 GET https://localhost:44328/api/Asignaturas/MATEMATICAS  
info: Microsoft.AspNetCore.Routing.EndpointMiddleware[0]
      Executing endpoint 'API_ProyectoPracticas.Controllers.AsignaturasController.Get (API_ProyectoPracticas)'
info: Microsoft.AspNetCore.Mvc.Internal.ControllerActionInvoker[3]
      Route matched with {action = "Get", controller = "Asignaturas"}. Executing controller action with signature Microsoft.AspNetCore.Mvc.IActionResult Get(System.String) on controller API_ProyectoPracticas.Controllers.AsignaturasController (API_ProyectoPracticas).
info: Microsoft.AspNetCore.Mvc.Internal.ControllerActionInvoker[1]
      Executing action method API_ProyectoPracticas.Controllers.AsignaturasController.Get (API_ProyectoPracticas) - Validation state: Valid
info: Microsoft.AspNetCore.Mvc.Internal.ControllerActionInvoker[2]
      Executed action method API_ProyectoPracticas.Controllers.AsignaturasController.Get (API_ProyectoPracticas), returned result Microsoft.AspNetCore.Mvc.OkObjectResult in 22.43ms.
info: Microsoft.AspNetCore.Mvc.Infrastructure.ObjectResultExecutor[1]
      Executing ObjectResult, writing value of type 'API_ProyectoPracticas.Models.Asignaturas'.
info: Microsoft.AspNetCore.Mvc.Internal.ControllerActionInvoker[2]
      Executed action API_ProyectoPracticas.Controllers.AsignaturasController.Get (API_ProyectoPracticas) in 43.7775ms
info: Microsoft.AspNetCore.Routing.EndpointMiddleware[1]
      Executed endpoint 'API_ProyectoPracticas.Controllers.AsignaturasController.Get (API_ProyectoPracticas)'
info: Microsoft.AspNetCore.Hosting.Internal.WebHost[2]
      Request finished in 70.4127ms 200 application/json; charset=utf-8
