info: Microsoft.AspNetCore.DataProtection.KeyManagement.XmlKeyManager[0]
      User profile is available. Using 'C:\Users\Jorge\AppData\Local\ASP.NET\DataProtection-Keys' as key repository and Windows DPAPI to encrypt keys at rest.
Hosting environment: Development
Content root path: C:\Users\Jorge\Source\Workspaces\DMGProyectos\MAMAS\API_ProyectoPracticas
Application started. Press Ctrl+C to shut down.
info: Microsoft.AspNetCore.Hosting.Internal.WebHost[1]
      Request starting HTTP/2.0 GET https://localhost:44328/index.html  
info: Microsoft.AspNetCore.Hosting.Internal.WebHost[2]
      Request finished in 166.9873ms 200 text/html
info: Microsoft.AspNetCore.Hosting.Internal.WebHost[1]
      Request starting HTTP/2.0 GET https://localhost:44328/swagger/v1/swagger.json  
info: Microsoft.AspNetCore.Hosting.Internal.WebHost[2]
      Request finished in 110.3335ms 200 application/json;charset=utf-8
info: Microsoft.AspNetCore.Hosting.Internal.WebHost[1]
      Request starting HTTP/1.1 GET https://localhost:44328/api/Usuarios/Usuario31/Pass1  
info: Microsoft.AspNetCore.Routing.EndpointMiddleware[0]
      Executing endpoint 'API_ProyectoPracticas.Controllers.UsuariosController.Get (API_ProyectoPracticas)'
info: Microsoft.AspNetCore.Mvc.Internal.ControllerActionInvoker[3]
      Route matched with {action = "Get", controller = "Usuarios"}. Executing controller action with signature Microsoft.AspNetCore.Mvc.IActionResult Get(System.String, System.String) on controller API_ProyectoPracticas.Controllers.UsuariosController (API_ProyectoPracticas).
info: Microsoft.AspNetCore.Mvc.Internal.ControllerActionInvoker[1]
      Executing action method API_ProyectoPracticas.Controllers.UsuariosController.Get (API_ProyectoPracticas) - Validation state: Valid
info: Microsoft.AspNetCore.Mvc.Internal.ControllerActionInvoker[2]
      Executed action method API_ProyectoPracticas.Controllers.UsuariosController.Get (API_ProyectoPracticas), returned result Microsoft.AspNetCore.Mvc.ObjectResult in 695.5134ms.
info: Microsoft.AspNetCore.Mvc.Infrastructure.ObjectResultExecutor[1]
      Executing ObjectResult, writing value of type 'Microsoft.AspNetCore.Mvc.ProblemDetails'.
info: Microsoft.AspNetCore.Mvc.Internal.ControllerActionInvoker[2]
      Executed action API_ProyectoPracticas.Controllers.UsuariosController.Get (API_ProyectoPracticas) in 840.8161ms
info: Microsoft.AspNetCore.Routing.EndpointMiddleware[1]
      Executed endpoint 'API_ProyectoPracticas.Controllers.UsuariosController.Get (API_ProyectoPracticas)'
info: Microsoft.AspNetCore.Hosting.Internal.WebHost[2]
      Request finished in 920.7665ms 404 application/json; charset=utf-8
info: Microsoft.AspNetCore.Hosting.Internal.WebHost[1]
      Request starting HTTP/1.1 GET https://localhost:44328/api/Asignaturas/AWUD  
info: Microsoft.AspNetCore.Routing.EndpointMiddleware[0]
      Executing endpoint 'API_ProyectoPracticas.Controllers.AsignaturasController.Get (API_ProyectoPracticas)'
info: Microsoft.AspNetCore.Mvc.Internal.ControllerActionInvoker[3]
      Route matched with {action = "Get", controller = "Asignaturas"}. Executing controller action with signature Microsoft.AspNetCore.Mvc.IActionResult Get(System.String) on controller API_ProyectoPracticas.Controllers.AsignaturasController (API_ProyectoPracticas).
info: Microsoft.AspNetCore.Mvc.Internal.ControllerActionInvoker[1]
      Executing action method API_ProyectoPracticas.Controllers.AsignaturasController.Get (API_ProyectoPracticas) - Validation state: Valid
info: Microsoft.AspNetCore.Mvc.Internal.ControllerActionInvoker[2]
      Executed action method API_ProyectoPracticas.Controllers.AsignaturasController.Get (API_ProyectoPracticas), returned result Microsoft.AspNetCore.Mvc.ObjectResult in 121.3048ms.
info: Microsoft.AspNetCore.Mvc.Infrastructure.ObjectResultExecutor[1]
      Executing ObjectResult, writing value of type 'Microsoft.AspNetCore.Mvc.ProblemDetails'.
info: Microsoft.AspNetCore.Mvc.Internal.ControllerActionInvoker[2]
      Executed action API_ProyectoPracticas.Controllers.AsignaturasController.Get (API_ProyectoPracticas) in 144.6095ms
info: Microsoft.AspNetCore.Routing.EndpointMiddleware[1]
      Executed endpoint 'API_ProyectoPracticas.Controllers.AsignaturasController.Get (API_ProyectoPracticas)'
info: Microsoft.AspNetCore.Hosting.Internal.WebHost[2]
      Request finished in 168.3331ms 404 application/json; charset=utf-8
info: Microsoft.AspNetCore.Hosting.Internal.WebHost[1]
      Request starting HTTP/1.1 POST https://localhost:44328/api/Asignaturas/Literatura  0
info: Microsoft.AspNetCore.Routing.EndpointMiddleware[0]
      Executing endpoint 'API_ProyectoPracticas.Controllers.AsignaturasController.Post (API_ProyectoPracticas)'
info: Microsoft.AspNetCore.Mvc.Internal.ControllerActionInvoker[3]
      Route matched with {action = "Post", controller = "Asignaturas"}. Executing controller action with signature Microsoft.AspNetCore.Mvc.IActionResult Post(System.String) on controller API_ProyectoPracticas.Controllers.AsignaturasController (API_ProyectoPracticas).
info: Microsoft.AspNetCore.Mvc.Internal.ControllerActionInvoker[1]
      Executing action method API_ProyectoPracticas.Controllers.AsignaturasController.Post (API_ProyectoPracticas) - Validation state: Valid
info: Microsoft.AspNetCore.Mvc.Internal.ControllerActionInvoker[2]
      Executed action method API_ProyectoPracticas.Controllers.AsignaturasController.Post (API_ProyectoPracticas), returned result Microsoft.AspNetCore.Mvc.ObjectResult in 57.3532ms.
info: Microsoft.AspNetCore.Mvc.Infrastructure.ObjectResultExecutor[1]
      Executing ObjectResult, writing value of type 'Microsoft.AspNetCore.Mvc.ProblemDetails'.
info: Microsoft.AspNetCore.Mvc.Internal.ControllerActionInvoker[2]
      Executed action API_ProyectoPracticas.Controllers.AsignaturasController.Post (API_ProyectoPracticas) in 86.4849ms
info: Microsoft.AspNetCore.Routing.EndpointMiddleware[1]
      Executed endpoint 'API_ProyectoPracticas.Controllers.AsignaturasController.Post (API_ProyectoPracticas)'
info: Microsoft.AspNetCore.Hosting.Internal.WebHost[2]
      Request finished in 119.4494ms 400 application/json; charset=utf-8
info: Microsoft.AspNetCore.Hosting.Internal.WebHost[1]
      Request starting HTTP/1.1 POST https://localhost:44328/api/Asignaturas/Literatura  0
info: Microsoft.AspNetCore.Routing.EndpointMiddleware[0]
      Executing endpoint 'API_ProyectoPracticas.Controllers.AsignaturasController.Post (API_ProyectoPracticas)'
info: Microsoft.AspNetCore.Mvc.Internal.ControllerActionInvoker[3]
      Route matched with {action = "Post", controller = "Asignaturas"}. Executing controller action with signature Microsoft.AspNetCore.Mvc.IActionResult Post(System.String) on controller API_ProyectoPracticas.Controllers.AsignaturasController (API_ProyectoPracticas).
info: Microsoft.AspNetCore.Mvc.Internal.ControllerActionInvoker[1]
      Executing action method API_ProyectoPracticas.Controllers.AsignaturasController.Post (API_ProyectoPracticas) - Validation state: Valid
info: Microsoft.AspNetCore.Mvc.Internal.ControllerActionInvoker[2]
      Executed action method API_ProyectoPracticas.Controllers.AsignaturasController.Post (API_ProyectoPracticas), returned result Microsoft.AspNetCore.Mvc.ObjectResult in 35.1179ms.
info: Microsoft.AspNetCore.Mvc.Infrastructure.ObjectResultExecutor[1]
      Executing ObjectResult, writing value of type 'Microsoft.AspNetCore.Mvc.ProblemDetails'.
info: Microsoft.AspNetCore.Mvc.Internal.ControllerActionInvoker[2]
      Executed action API_ProyectoPracticas.Controllers.AsignaturasController.Post (API_ProyectoPracticas) in 65.4602ms
info: Microsoft.AspNetCore.Routing.EndpointMiddleware[1]
      Executed endpoint 'API_ProyectoPracticas.Controllers.AsignaturasController.Post (API_ProyectoPracticas)'
info: Microsoft.AspNetCore.Hosting.Internal.WebHost[2]
      Request finished in 97.3394ms 400 application/json; charset=utf-8
